c:\users\shipsy\desktop\final ottlop\otlob_oop_design\project17\debug\vc120.pdb
c:\users\shipsy\desktop\final ottlop\otlob_oop_design\project17\debug\myusercontro_register.obj
c:\users\shipsy\desktop\final ottlop\otlob_oop_design\project17\debug\myusercontro_catagory.obj
c:\users\shipsy\desktop\final ottlop\otlob_oop_design\project17\debug\myusercontro_bill.obj
c:\users\shipsy\desktop\final ottlop\otlob_oop_design\project17\debug\myusercontrol_deliveryboy.obj
c:\users\shipsy\desktop\final ottlop\otlob_oop_design\project17\debug\myusercontrol_check.obj
c:\users\shipsy\desktop\final ottlop\otlob_oop_design\project17\debug\myform_payment.obj
c:\users\shipsy\desktop\final ottlop\otlob_oop_design\project17\debug\myform_customer.obj
c:\users\shipsy\desktop\final ottlop\otlob_oop_design\project17\debug\myform_comment.obj
c:\users\shipsy\desktop\final ottlop\otlob_oop_design\project17\debug\myform_checkorder.obj
c:\users\shipsy\desktop\final ottlop\otlob_oop_design\project17\debug\myform_admain.obj
c:\users\shipsy\desktop\final ottlop\otlob_oop_design\project17\debug\myform11.obj
c:\users\shipsy\desktop\final ottlop\otlob_oop_design\project17\debug\myform1.obj
c:\users\shipsy\desktop\final ottlop\otlob_oop_design\project17\debug\myform.obj
c:\users\shipsy\desktop\final ottlop\otlob_oop_design\project17\debug\manger.obj
c:\users\shipsy\desktop\final ottlop\otlob_oop_design\project17\debug\item.obj
c:\users\shipsy\desktop\final ottlop\otlob_oop_design\project17\debug\deliveryboy.obj
c:\users\shipsy\desktop\final ottlop\otlob_oop_design\project17\debug\database.obj
c:\users\shipsy\desktop\final ottlop\otlob_oop_design\project17\debug\customer.obj
c:\users\shipsy\desktop\final ottlop\otlob_oop_design\project17\debug\container.obj
c:\users\shipsy\desktop\final ottlop\otlob_oop_design\project17\debug\category.obj
c:\users\shipsy\desktop\final ottlop\otlob_oop_design\project17\debug\usercart.obj
c:\users\shipsy\desktop\final ottlop\otlob_oop_design\project17\debug\resturant.obj
c:\users\shipsy\desktop\final ottlop\otlob_oop_design\project17\debug\person.obj
c:\users\shipsy\desktop\final ottlop\otlob_oop_design\project17\debug\order.obj
c:\users\shipsy\desktop\final ottlop\otlob_oop_design\project17\debug\.netframework,version=v4.0.assemblyattributes.obj
c:\users\shipsy\desktop\final ottlop\otlob_oop_design\debug\project17.exe
c:\users\shipsy\desktop\final ottlop\otlob_oop_design\debug\project17.pdb
c:\users\shipsy\desktop\final ottlop\otlob_oop_design\project17\debug\project17.tlog\metagen.write.1.tlog
c:\users\shipsy\desktop\final ottlop\otlob_oop_design\project17\debug\project17.myform.resources
c:\users\shipsy\desktop\final ottlop\otlob_oop_design\project17\debug\project17.myform11.resources
c:\users\shipsy\desktop\final ottlop\otlob_oop_design\project17\debug\project17.myform_checkorder.resources
c:\users\shipsy\desktop\final ottlop\otlob_oop_design\project17\debug\project17.myform_comment.resources
c:\users\shipsy\desktop\final ottlop\otlob_oop_design\project17\debug\project17.myform_makeorder.resources
c:\users\shipsy\desktop\final ottlop\otlob_oop_design\project17\debug\project17.myform_admain.resources
c:\users\shipsy\desktop\final ottlop\otlob_oop_design\project17\debug\project17.myform_customer.resources
c:\users\shipsy\desktop\final ottlop\otlob_oop_design\project17\debug\project17.myform_payment.resources
c:\users\shipsy\desktop\final ottlop\otlob_oop_design\project17\debug\project17.myusercontrol_checkqu.resources
c:\users\shipsy\desktop\final ottlop\otlob_oop_design\project17\debug\project17.myusercontrol_deliveryboy.resources
c:\users\shipsy\desktop\final ottlop\otlob_oop_design\project17\debug\project17.myusercontro_bill.resources
c:\users\shipsy\desktop\final ottlop\otlob_oop_design\project17\debug\project17.myusercontro_catagory.resources
c:\users\shipsy\desktop\final ottlop\otlob_oop_design\project17\debug\project17.myusercontro_register.resources
h:\projects\otlob\project17\debug\project17.myform.resources
h:\projects\otlob\project17\debug\project17.myform11.resources
h:\projects\otlob\project17\debug\project17.myform_checkorder.resources
h:\projects\otlob\project17\debug\project17.myform_comment.resources
h:\projects\otlob\project17\debug\project17.myform_makeorder.resources
h:\projects\otlob\project17\debug\project17.myform_admain.resources
h:\projects\otlob\project17\debug\project17.myform_customer.resources
h:\projects\otlob\project17\debug\project17.myform_payment.resources
h:\projects\otlob\project17\debug\project17.myusercontrol_checkqu.resources
h:\projects\otlob\project17\debug\project17.myusercontrol_deliveryboy.resources
h:\projects\otlob\project17\debug\project17.myusercontro_bill.resources
h:\projects\otlob\project17\debug\project17.myusercontro_catagory.resources
h:\projects\otlob\project17\debug\project17.myusercontro_register.resources
h:\projects\otlob\project17\debug\project17.vcxproj.generateresource.cache
h:\projects\otlob\project17\debug\project17.vcxprojresolveassemblyreference.cache
h:\projects\otlob\project17\debug\.netframework,version=v4.0.assemblyattributes.obj
h:\projects\otlob\project17\debug\category.obj
h:\projects\otlob\project17\debug\container.obj
h:\projects\otlob\project17\debug\customer.obj
h:\projects\otlob\project17\debug\database.obj
h:\projects\otlob\project17\debug\deliveryboy.obj
h:\projects\otlob\project17\debug\item.obj
h:\projects\otlob\project17\debug\manger.obj
h:\projects\otlob\project17\debug\myform.obj
h:\projects\otlob\project17\debug\myform1.obj
h:\projects\otlob\project17\debug\myform11.obj
h:\projects\otlob\project17\debug\myform_admain.obj
h:\projects\otlob\project17\debug\myform_checkorder.obj
h:\projects\otlob\project17\debug\myform_comment.obj
h:\projects\otlob\project17\debug\myform_customer.obj
h:\projects\otlob\project17\debug\myform_payment.obj
h:\projects\otlob\project17\debug\myusercontrol_check.obj
h:\projects\otlob\project17\debug\myusercontrol_deliveryboy.obj
h:\projects\otlob\project17\debug\myusercontro_bill.obj
h:\projects\otlob\project17\debug\myusercontro_catagory.obj
h:\projects\otlob\project17\debug\myusercontro_register.obj
h:\projects\otlob\project17\debug\order.obj
h:\projects\otlob\project17\debug\person.obj
h:\projects\otlob\project17\debug\resturant.obj
h:\projects\otlob\project17\debug\usercart.obj
h:\projects\otlob\project17\debug\vc120.pdb
h:\projects\otlob\debug\project17.pdb
h:\projects\otlob\debug\project17.exe
h:\projects\otlob\project17\debug\project17.tlog\cl.command.1.tlog
h:\projects\otlob\project17\debug\project17.tlog\cl.read.1.tlog
h:\projects\otlob\project17\debug\project17.tlog\cl.write.1.tlog
h:\projects\otlob\project17\debug\project17.tlog\link.command.1.tlog
h:\projects\otlob\project17\debug\project17.tlog\link.read.1.tlog
h:\projects\otlob\project17\debug\project17.tlog\link.write.1.tlog
h:\projects\otlob\project17\debug\project17.tlog\metagen.read.1.tlog
h:\projects\otlob\project17\debug\project17.tlog\metagen.write.1.tlog
h:\projects\otlob\project17\debug\project17.tlog\project17.write.1u.tlog
h:\projects\otlob\project17\debug\project17.tlog\bunifu_ui_v1.5.3.dll.metagen
h:\projects\otlob\project17\debug\project17.tlog\tzres.dll.bi
